Traceback (most recent call last):
  File "/home/runner/work/ostatslib/ostatslib/.venv/lib/python3.11/site-packages/jupyter_cache/executors/utils.py", line 58, in single_nb_execution
    executenb(
  File "/home/runner/work/ostatslib/ostatslib/.venv/lib/python3.11/site-packages/nbclient/client.py", line 1305, in execute
    return NotebookClient(nb=nb, resources=resources, km=km, **kwargs).execute()
           ^^^^^^^^^^^^^^^^^^^^^^^^^^^^^^^^^^^^^^^^^^^^^^^^^^^^^^^^^^^^^^^^^^^^^
  File "/home/runner/work/ostatslib/ostatslib/.venv/lib/python3.11/site-packages/jupyter_core/utils/__init__.py", line 165, in wrapped
    return loop.run_until_complete(inner)
           ^^^^^^^^^^^^^^^^^^^^^^^^^^^^^^
  File "/opt/hostedtoolcache/Python/3.11.8/x64/lib/python3.11/asyncio/base_events.py", line 654, in run_until_complete
    return future.result()
           ^^^^^^^^^^^^^^^
  File "/home/runner/work/ostatslib/ostatslib/.venv/lib/python3.11/site-packages/nbclient/client.py", line 705, in async_execute
    await self.async_execute_cell(
  File "/home/runner/work/ostatslib/ostatslib/.venv/lib/python3.11/site-packages/nbclient/client.py", line 1058, in async_execute_cell
    await self._check_raise_for_error(cell, cell_index, exec_reply)
  File "/home/runner/work/ostatslib/ostatslib/.venv/lib/python3.11/site-packages/nbclient/client.py", line 914, in _check_raise_for_error
    raise CellExecutionError.from_cell_and_msg(cell, exec_reply_content)
nbclient.exceptions.CellExecutionError: An error occurred while executing the following cell:
------------------
from IPython.display import display

for result in results:
    display(Markdown(f"### {result['name']}"))
    print(result['analysis'].summary())
------------------

----- stdout -----

Analysis executed at 2024-02-24 19:57:06.831997
Final status is Complete
Initial State known features:
response_variable_label                       target
score                                         0.7669654891615044
response_unique_values_ratio                  1.0
is_response_positive_values_only              -1
adaboost_square_loss_regression_score_reward  0.7669654891615044
Steps:
  Order  Step                                    Reward  State Change
-------  ------------------------------------  --------  ------------------------------------------------------
      1  Is Response Positive Values Only      0.1
      2  Response Unique Values Ratio          0.1       response_unique_values_ratio  1
      3  AdaBoost Regression with Square Loss  0.766965  score                                         0.766965
                                                         adaboost_square_loss_regression_score_reward  0.766965
----- stdout -----

Analysis executed at 2024-02-24 19:57:09.471122
Final status is Complete
Initial State known features:
response_variable_label                       target
score                                         0.7072425842159041
response_unique_values_ratio                  1.0
is_response_positive_values_only              -1
adaboost_square_loss_regression_score_reward  0.7072425842159041
Steps:
  Order  Step                                     Reward  State Change
-------  ------------------------------------  ---------  -------------------------------------------------------
      1  Is Response Positive Values Only       0.1
      2  Response Unique Values Ratio           0.1       response_unique_values_ratio  1
      3  AdaBoost Regression with Square Loss  -0.336371  score                                          0.663629
                                                          adaboost_square_loss_regression_score_reward  -0.336371
      4  AdaBoost Regression with Square Loss  -0.330217  score                                          0.669783
                                                          adaboost_square_loss_regression_score_reward  -0.330217
      5  AdaBoost Regression with Square Loss  -0.322667  score                                          0.677333
                                                          adaboost_square_loss_regression_score_reward  -0.322667
      6  AdaBoost Regression with Square Loss  -0.324217  score                                          0.675783
                                                          adaboost_square_loss_regression_score_reward  -0.324217
      7  AdaBoost Regression with Square Loss   0.707243  score                                         0.707243
                                                          adaboost_square_loss_regression_score_reward  0.707243
----- stdout -----

Analysis executed at 2024-02-24 19:57:10.605833
Final status is Complete
Initial State known features:
response_variable_label                       target
score                                         0.8060206362951922
response_unique_values_ratio                  1.0
is_response_positive_values_only              -1
adaboost_square_loss_regression_score_reward  0.8060206362951922
Steps:
  Order  Step                                    Reward  State Change
-------  ------------------------------------  --------  ------------------------------------------------------
      1  Is Response Positive Values Only      0.1
      2  Response Unique Values Ratio          0.1       response_unique_values_ratio  1
      3  AdaBoost Regression with Square Loss  0.806021  score                                         0.806021
                                                         adaboost_square_loss_regression_score_reward  0.806021
----- stdout -----

Analysis executed at 2024-02-24 19:57:12.851359
Final status is Not Complete
Initial State known features:
response_variable_label                                     target
score                                                       -0.7042698231927728
time_convertible_variable
response_unique_values_ratio                                0.36538461538461536
response_inferred_dtype                                     floating
is_response_positive_values_only                            1
standardized_variables_ratio                                -1
n_100_estimators_gradient_boosting_regression_score_reward  -1
Steps:
  Order  Step                                           Reward  State Change
-------  -------------------------------------------  --------  --------------------------------------------------------------------
      1  Is Response Positive Values Only                  0.1
      2  Time Convertible Variable Search                  0.1  time_convertible_variable
      3  Infer Response DType                              0.1  response_inferred_dtype  floating
      4  Standardized Variables Ratio                      0.1  standardized_variables_ratio  -1
      5  Response Unique Values Ratio                      0.1  response_unique_values_ratio  0.365385
      6  Gradient Boosting Regression 100 Estimators      -1    score                                                       -0.70427
                                                                n_100_estimators_gradient_boosting_regression_score_reward  -1
      7  Response Unique Values Ratio                     -1
      8  Response Unique Values Ratio                     -1
      9  Response Unique Values Ratio                     -1
     10  Response Unique Values Ratio                     -1
     11  Response Unique Values Ratio                     -1
     12  Response Unique Values Ratio                     -1
     13  Response Unique Values Ratio                     -1
     14  Response Unique Values Ratio                     -1
     15  Response Unique Values Ratio                     -1
----- stdout -----

Analysis executed at 2024-02-24 19:57:14.060340
Final status is Complete
Initial State known features:
response_variable_label                       target
score                                         0.8387224036288596
response_unique_values_ratio                  1.0
is_response_positive_values_only              -1
adaboost_square_loss_regression_score_reward  0.8387224036288596
Steps:
  Order  Step                                    Reward  State Change
-------  ------------------------------------  --------  ------------------------------------------------------
      1  Is Response Positive Values Only      0.1
      2  Response Unique Values Ratio          0.1       response_unique_values_ratio  1
      3  AdaBoost Regression with Square Loss  0.838722  score                                         0.838722
                                                         adaboost_square_loss_regression_score_reward  0.838722
----- stdout -----

Analysis executed at 2024-02-24 19:57:15.143372
Final status is Complete
Initial State known features:
response_variable_label                       target
score                                         0.7728797429753194
response_unique_values_ratio                  1.0
is_response_positive_values_only              -1
adaboost_square_loss_regression_score_reward  0.7728797429753194
Steps:
  Order  Step                                    Reward  State Change
-------  ------------------------------------  --------  -----------------------------------------------------
      1  Is Response Positive Values Only       0.1
      2  Response Unique Values Ratio           0.1      response_unique_values_ratio  1
      3  AdaBoost Regression with Square Loss   0.77288  score                                         0.77288
                                                         adaboost_square_loss_regression_score_reward  0.77288
----- stdout -----

Analysis executed at 2024-02-24 19:57:15.593531
Final status is Not Complete
Initial State known features:
response_variable_label           target
time_convertible_variable
response_unique_values_ratio      0.005
response_inferred_dtype           floating
is_response_positive_values_only  1
standardized_variables_ratio      -1
Steps:
  Order  Step                                Reward  State Change
-------  --------------------------------  --------  -----------------------------------
      1  Is Response Positive Values Only       0.1
      2  Time Convertible Variable Search       0.1  time_convertible_variable
      3  Infer Response DType                   0.1  response_inferred_dtype  floating
      4  Standardized Variables Ratio           0.1  standardized_variables_ratio  -1
      5  Response Unique Values Ratio           0.1  response_unique_values_ratio  0.005
      6  Response Unique Values Ratio          -1
      7  Response Unique Values Ratio          -1
      8  Response Unique Values Ratio          -1
      9  Response Unique Values Ratio          -1
     10  Response Unique Values Ratio          -1
     11  Response Unique Values Ratio          -1
     12  Response Unique Values Ratio          -1
     13  Response Unique Values Ratio          -1
     14  Response Unique Values Ratio          -1
     15  Response Unique Values Ratio          -1
------------------

[0;31m---------------------------------------------------------------------------[0m
[0;31mValueError[0m                                Traceback (most recent call last)
Cell [0;32mIn[4], line 5[0m
[1;32m      3[0m [38;5;28;01mfor[39;00m result [38;5;129;01min[39;00m results:
[1;32m      4[0m     display(Markdown([38;5;124mf[39m[38;5;124m"[39m[38;5;124m### [39m[38;5;132;01m{[39;00mresult[[38;5;124m'[39m[38;5;124mname[39m[38;5;124m'[39m][38;5;132;01m}[39;00m[38;5;124m"[39m))
[0;32m----> 5[0m     [38;5;28mprint[39m([43mresult[49m[43m[[49m[38;5;124;43m'[39;49m[38;5;124;43manalysis[39;49m[38;5;124;43m'[39;49m[43m][49m[38;5;241;43m.[39;49m[43msummary[49m[43m([49m[43m)[49m)

File [0;32m~/work/ostatslib/ostatslib/ostatslib/agents/analysis_result.py:49[0m, in [0;36mAnalysisResult.summary[0;34m(self)[0m
[1;32m     38[0m [38;5;28;01mdef[39;00m [38;5;21msummary[39m([38;5;28mself[39m) [38;5;241m-[39m[38;5;241m>[39m [38;5;28mstr[39m:
[1;32m     39[0m [38;5;250m    [39m[38;5;124;03m"""[39;00m
[1;32m     40[0m [38;5;124;03m    Returns analysis summary[39;00m
[1;32m     41[0m 
[1;32m     42[0m [38;5;124;03m    Returns:[39;00m
[1;32m     43[0m [38;5;124;03m        str: analysis summary[39;00m
[1;32m     44[0m [38;5;124;03m    """[39;00m
[1;32m     45[0m     [38;5;28;01mreturn[39;00m (
[1;32m     46[0m         [38;5;124mf[39m[38;5;124m'[39m[38;5;130;01m\n[39;00m[38;5;124mAnalysis executed at [39m[38;5;132;01m{[39;00m[38;5;28mself[39m[38;5;241m.[39mtimestamp[38;5;132;01m}[39;00m[38;5;130;01m\n[39;00m[38;5;124m'[39m
[1;32m     47[0m         [38;5;124mf[39m[38;5;124m'[39m[38;5;124mFinal status is [39m[38;5;132;01m{[39;00m[38;5;124m"[39m[38;5;124mComplete[39m[38;5;124m"[39m[38;5;250m [39m[38;5;28;01mif[39;00m[38;5;250m [39m[38;5;28mself[39m[38;5;241m.[39mdone[38;5;250m [39m[38;5;28;01melse[39;00m[38;5;250m [39m[38;5;124m"[39m[38;5;124mNot Complete[39m[38;5;124m"[39m[38;5;132;01m}[39;00m[38;5;130;01m\n[39;00m[38;5;124m'[39m
[1;32m     48[0m         [38;5;124mf[39m[38;5;124m'[39m[38;5;124mInitial State known features:[39m[38;5;130;01m\n[39;00m[38;5;132;01m{[39;00m[38;5;28mself[39m[38;5;241m.[39m__fill_initial_state_row()[38;5;132;01m}[39;00m[38;5;130;01m\n[39;00m[38;5;124m'[39m
[0;32m---> 49[0m         [38;5;124mf[39m[38;5;124m'[39m[38;5;124mSteps:[39m[38;5;130;01m\n[39;00m[38;5;132;01m{[39;00m[38;5;28;43mself[39;49m[38;5;241;43m.[39;49m[43m__fill_summary_table_steps_rows[49m[43m([49m[43m)[49m[38;5;132;01m}[39;00m[38;5;124m'[39m
[1;32m     50[0m     )

File [0;32m~/work/ostatslib/ostatslib/ostatslib/agents/analysis_result.py:65[0m, in [0;36mAnalysisResult.__fill_summary_table_steps_rows[0;34m(self)[0m
[1;32m     58[0m table_rows: StepsRows [38;5;241m=[39m []
[1;32m     60[0m [38;5;28;01mfor[39;00m i, (reward, info) [38;5;129;01min[39;00m [38;5;28menumerate[39m([38;5;28mself[39m[38;5;241m.[39msteps):
[1;32m     61[0m     table_rows[38;5;241m.[39mappend((
[1;32m     62[0m         i[38;5;241m+[39m[38;5;241m1[39m,
[1;32m     63[0m         [38;5;28mstr[39m(info[38;5;241m.[39maction_name),
[1;32m     64[0m         reward,
[0;32m---> 65[0m         tabulate([38;5;28;43mself[39;49m[38;5;241;43m.[39;49m[43m__get_state_delta[49m[43m([49m[43minfo[49m[43m,[49m[43m [49m[43mi[49m[43m)[49m[38;5;241m.[39mlist_known_features(),
[1;32m     66[0m                  tablefmt[38;5;241m=[39m[38;5;124m"[39m[38;5;124mplain[39m[38;5;124m"[39m)
[1;32m     67[0m     ))
[1;32m     69[0m [38;5;28;01mreturn[39;00m tabulate(table_rows, steps_headers)

File [0;32m~/work/ostatslib/ostatslib/ostatslib/agents/analysis_result.py:84[0m, in [0;36mAnalysisResult.__get_state_delta[0;34m(self, info, i)[0m
[1;32m     79[0m         [38;5;28;01mreturn[39;00m info[38;5;241m.[39mnext_state [38;5;241m-[39m previous_state
[1;32m     81[0m     [38;5;28;01mraise[39;00m [38;5;167;01mValueError[39;00m(
[1;32m     82[0m         [38;5;124mf[39m[38;5;124m'[39m[38;5;124mCannot write State delta, step [39m[38;5;132;01m{[39;00mi[38;5;241m-[39m[38;5;241m1[39m[38;5;132;01m}[39;00m[38;5;124m State is None[39m[38;5;124m'[39m)
[0;32m---> 84[0m [38;5;28;01mraise[39;00m [38;5;167;01mValueError[39;00m([38;5;124mf[39m[38;5;124m'[39m[38;5;124mCannot write State delta, step [39m[38;5;132;01m{[39;00mi[38;5;132;01m}[39;00m[38;5;124m State is None[39m[38;5;124m'[39m)

[0;31mValueError[0m: Cannot write State delta, step 4 State is None

