Traceback (most recent call last):
  File "/home/runner/work/ostatslib/ostatslib/.venv/lib/python3.11/site-packages/jupyter_cache/executors/utils.py", line 58, in single_nb_execution
    executenb(
  File "/home/runner/work/ostatslib/ostatslib/.venv/lib/python3.11/site-packages/nbclient/client.py", line 1204, in execute
    return NotebookClient(nb=nb, resources=resources, km=km, **kwargs).execute()
           ^^^^^^^^^^^^^^^^^^^^^^^^^^^^^^^^^^^^^^^^^^^^^^^^^^^^^^^^^^^^^^^^^^^^^
  File "/home/runner/work/ostatslib/ostatslib/.venv/lib/python3.11/site-packages/nbclient/util.py", line 84, in wrapped
    return just_run(coro(*args, **kwargs))
           ^^^^^^^^^^^^^^^^^^^^^^^^^^^^^^^
  File "/home/runner/work/ostatslib/ostatslib/.venv/lib/python3.11/site-packages/nbclient/util.py", line 62, in just_run
    return loop.run_until_complete(coro)
           ^^^^^^^^^^^^^^^^^^^^^^^^^^^^^
  File "/opt/hostedtoolcache/Python/3.11.2/x64/lib/python3.11/asyncio/base_events.py", line 653, in run_until_complete
    return future.result()
           ^^^^^^^^^^^^^^^
  File "/home/runner/work/ostatslib/ostatslib/.venv/lib/python3.11/site-packages/nbclient/client.py", line 663, in async_execute
    await self.async_execute_cell(
  File "/home/runner/work/ostatslib/ostatslib/.venv/lib/python3.11/site-packages/nbclient/client.py", line 965, in async_execute_cell
    await self._check_raise_for_error(cell, cell_index, exec_reply)
  File "/home/runner/work/ostatslib/ostatslib/.venv/lib/python3.11/site-packages/nbclient/client.py", line 862, in _check_raise_for_error
    raise CellExecutionError.from_cell_and_msg(cell, exec_reply_content)
nbclient.exceptions.CellExecutionError: An error occurred while executing the following cell:
------------------
from ostatslib.agents import PPOAgent
from sklearn.datasets import make_classification
from pandas import DataFrame

# loading trained agent
agent = PPOAgent('../trained_ppo_model')

# generating data
X, y = make_classification()
classification_data = DataFrame(X)
classification_data['result'] = y

# running analysis
classification_analysis = agent.analyze(classification_data)

# printing results
print(classification_analysis.summary())
------------------

[0;31m---------------------------------------------------------------------------[0m
[0;31mModuleNotFoundError[0m                       Traceback (most recent call last)
Cell [0;32mIn[1], line 6[0m
[1;32m      3[0m [38;5;28;01mfrom[39;00m [38;5;21;01mpandas[39;00m [38;5;28;01mimport[39;00m DataFrame
[1;32m      5[0m [38;5;66;03m# loading trained agent[39;00m
[0;32m----> 6[0m agent [38;5;241m=[39m [43mPPOAgent[49m[43m([49m[38;5;124;43m'[39;49m[38;5;124;43m../trained_ppo_model[39;49m[38;5;124;43m'[39;49m[43m)[49m
[1;32m      8[0m [38;5;66;03m# generating data[39;00m
[1;32m      9[0m X, y [38;5;241m=[39m make_classification()

File [0;32m~/work/ostatslib/ostatslib/ostatslib/agents/ppo_agent.py:26[0m, in [0;36mPPOAgent.__init__[0;34m(self, path, training_envs_count)[0m
[1;32m     25[0m [38;5;28;01mdef[39;00m [38;5;21m__init__[39m([38;5;28mself[39m, path: [38;5;28mstr[39m [38;5;241m|[39m [38;5;28;01mNone[39;00m [38;5;241m=[39m [38;5;28;01mNone[39;00m, training_envs_count: [38;5;28mint[39m [38;5;241m=[39m [38;5;241m10[39m) [38;5;241m-[39m[38;5;241m>[39m [38;5;28;01mNone[39;00m:
[0;32m---> 26[0m     [38;5;28mself[39m[38;5;241m.[39m__model [38;5;241m=[39m [38;5;28;43mself[39;49m[38;5;241;43m.[39;49m[43m__init__model[49m[43m([49m[43mpath[49m[43m,[49m[43m [49m[43mtraining_envs_count[49m[43m)[49m

File [0;32m~/work/ostatslib/ostatslib/ostatslib/agents/ppo_agent.py:43[0m, in [0;36mPPOAgent.__init__model[0;34m(self, path, training_envs_count)[0m
[1;32m     40[0m     environments [38;5;241m=[39m make_vec_env(GymEnvironment, training_envs_count)
[1;32m     41[0m     [38;5;28;01mreturn[39;00m PPO(POLICY, environments, verbose[38;5;241m=[39m[38;5;241m1[39m, policy_kwargs[38;5;241m=[39mPOLICY_KWARGS)
[0;32m---> 43[0m [38;5;28;01mreturn[39;00m [43mPPO[49m[38;5;241;43m.[39;49m[43mload[49m[43m([49m[43mpath[49m[43m)[49m

File [0;32m~/work/ostatslib/ostatslib/.venv/lib/python3.11/site-packages/stable_baselines3/common/base_class.py:666[0m, in [0;36mBaseAlgorithm.load[0;34m(cls, path, env, device, custom_objects, print_system_info, force_reset, **kwargs)[0m
[1;32m    663[0m     [38;5;28mprint[39m([38;5;124m"[39m[38;5;124m== CURRENT SYSTEM INFO ==[39m[38;5;124m"[39m)
[1;32m    664[0m     get_system_info()
[0;32m--> 666[0m data, params, pytorch_variables [38;5;241m=[39m [43mload_from_zip_file[49m[43m([49m
[1;32m    667[0m [43m    [49m[43mpath[49m[43m,[49m
[1;32m    668[0m [43m    [49m[43mdevice[49m[38;5;241;43m=[39;49m[43mdevice[49m[43m,[49m
[1;32m    669[0m [43m    [49m[43mcustom_objects[49m[38;5;241;43m=[39;49m[43mcustom_objects[49m[43m,[49m
[1;32m    670[0m [43m    [49m[43mprint_system_info[49m[38;5;241;43m=[39;49m[43mprint_system_info[49m[43m,[49m
[1;32m    671[0m [43m[49m[43m)[49m
[1;32m    673[0m [38;5;66;03m# Remove stored device information and replace with ours[39;00m
[1;32m    674[0m [38;5;28;01mif[39;00m [38;5;124m"[39m[38;5;124mpolicy_kwargs[39m[38;5;124m"[39m [38;5;129;01min[39;00m data:

File [0;32m~/work/ostatslib/ostatslib/.venv/lib/python3.11/site-packages/stable_baselines3/common/save_util.py:421[0m, in [0;36mload_from_zip_file[0;34m(load_path, load_data, custom_objects, device, verbose, print_system_info)[0m
[1;32m    417[0m [38;5;28;01mif[39;00m [38;5;124m"[39m[38;5;124mdata[39m[38;5;124m"[39m [38;5;129;01min[39;00m namelist [38;5;129;01mand[39;00m load_data:
[1;32m    418[0m     [38;5;66;03m# Load class parameters that are stored[39;00m
[1;32m    419[0m     [38;5;66;03m# with either JSON or pickle (not PyTorch variables).[39;00m
[1;32m    420[0m     json_data [38;5;241m=[39m archive[38;5;241m.[39mread([38;5;124m"[39m[38;5;124mdata[39m[38;5;124m"[39m)[38;5;241m.[39mdecode()
[0;32m--> 421[0m     data [38;5;241m=[39m [43mjson_to_data[49m[43m([49m[43mjson_data[49m[43m,[49m[43m [49m[43mcustom_objects[49m[38;5;241;43m=[39;49m[43mcustom_objects[49m[43m)[49m
[1;32m    423[0m [38;5;66;03m# Check for all .pth files and load them using th.load.[39;00m
[1;32m    424[0m [38;5;66;03m# "pytorch_variables.pth" stores PyTorch variables, and any other .pth[39;00m
[1;32m    425[0m [38;5;66;03m# files store state_dicts of variables with custom names (e.g. policy, policy.optimizer)[39;00m
[1;32m    426[0m pth_files [38;5;241m=[39m [file_name [38;5;28;01mfor[39;00m file_name [38;5;129;01min[39;00m namelist [38;5;28;01mif[39;00m os[38;5;241m.[39mpath[38;5;241m.[39msplitext(file_name)[[38;5;241m1[39m] [38;5;241m==[39m [38;5;124m"[39m[38;5;124m.pth[39m[38;5;124m"[39m]

File [0;32m~/work/ostatslib/ostatslib/.venv/lib/python3.11/site-packages/stable_baselines3/common/save_util.py:164[0m, in [0;36mjson_to_data[0;34m(json_string, custom_objects)[0m
[1;32m    162[0m [38;5;28;01mtry[39;00m:
[1;32m    163[0m     base64_object [38;5;241m=[39m base64[38;5;241m.[39mb64decode(serialization[38;5;241m.[39mencode())
[0;32m--> 164[0m     deserialized_object [38;5;241m=[39m [43mcloudpickle[49m[38;5;241;43m.[39;49m[43mloads[49m[43m([49m[43mbase64_object[49m[43m)[49m
[1;32m    165[0m [38;5;28;01mexcept[39;00m ([38;5;167;01mRuntimeError[39;00m, [38;5;167;01mTypeError[39;00m, [38;5;167;01mAttributeError[39;00m) [38;5;28;01mas[39;00m e:
[1;32m    166[0m     warnings[38;5;241m.[39mwarn(
[1;32m    167[0m         [38;5;124mf[39m[38;5;124m"[39m[38;5;124mCould not deserialize object [39m[38;5;132;01m{[39;00mdata_key[38;5;132;01m}[39;00m[38;5;124m. [39m[38;5;124m"[39m
[1;32m    168[0m         [38;5;124m"[39m[38;5;124mConsider using `custom_objects` argument to replace [39m[38;5;124m"[39m
[1;32m    169[0m         [38;5;124m"[39m[38;5;124mthis object.[39m[38;5;130;01m\n[39;00m[38;5;124m"[39m
[1;32m    170[0m         [38;5;124mf[39m[38;5;124m"[39m[38;5;124mException: [39m[38;5;132;01m{[39;00me[38;5;132;01m}[39;00m[38;5;124m"[39m
[1;32m    171[0m     )

[0;31mModuleNotFoundError[0m: No module named 'ostatslib.actions.exploratory_actions.time_convertable_variable_search'
ModuleNotFoundError: No module named 'ostatslib.actions.exploratory_actions.time_convertable_variable_search'

